# JRE version: OpenJDK Runtime Environment (8.0_242-b01) (build 1.8.0_242-release-1644-b01)
# Java VM: OpenJDK 64-Bit Server VM (25.242-b01 mixed mode windows-amd64 compressed oops)
Heap:
 PSYoungGen      total 94720K, used 51487K [0x00000000e0000000, 0x00000000e6680000, 0x0000000100000000)
  eden space 84480K, 58% used [0x00000000e0000000,0x00000000e2fe8e70,0x00000000e5280000)
  from space 10240K, 23% used [0x00000000e5280000,0x00000000e54dee18,0x00000000e5c80000)
  to   space 4608K, 0% used [0x00000000e6200000,0x00000000e6200000,0x00000000e6680000)
 ParOldGen       total 57856K, used 19202K [0x00000000a0000000, 0x00000000a3880000, 0x00000000e0000000)
  object space 57856K, 33% used [0x00000000a0000000,0x00000000a12c0aa8,0x00000000a3880000)
 Metaspace       used 35035K, capacity 35928K, committed 36272K, reserved 1081344K
  class space    used 4633K, capacity 4916K, committed 5040K, reserved 1048576K
GC Heap History (10 events):
Event: 31.759 GC heap before
{Heap before GC invocations=19 (full 2):
 PSYoungGen      total 77312K, used 448K [0x00000000e0000000, 0x00000000e6c80000, 0x0000000100000000)
  eden space 66560K, 0% used [0x00000000e0000000,0x00000000e0000000,0x00000000e4100000)
  from space 10752K, 4% used [0x00000000e4100000,0x00000000e4170000,0x00000000e4b80000)
  to   space 10752K, 0% used [0x00000000e6200000,0x00000000e6200000,0x00000000e6c80000)
 ParOldGen       total 46080K, used 20643K [0x00000000a0000000, 0x00000000a2d00000, 0x00000000e0000000)
  object space 46080K, 44% used [0x00000000a0000000,0x00000000a1428e68,0x00000000a2d00000)
 Metaspace       used 34580K, capacity 35432K, committed 35496K, reserved 1079296K
  class space    used 4593K, capacity 4865K, committed 4912K, reserved 1048576K
Event: 31.833 GC heap after
Heap after GC invocations=19 (full 2):
 PSYoungGen      total 77312K, used 0K [0x00000000e0000000, 0x00000000e6c80000, 0x0000000100000000)
  eden space 66560K, 0% used [0x00000000e0000000,0x00000000e0000000,0x00000000e4100000)
  from space 10752K, 0% used [0x00000000e4100000,0x00000000e4100000,0x00000000e4b80000)
  to   space 10752K, 0% used [0x00000000e6200000,0x00000000e6200000,0x00000000e6c80000)
 ParOldGen       total 57856K, used 12470K [0x00000000a0000000, 0x00000000a3880000, 0x00000000e0000000)
  object space 57856K, 21% used [0x00000000a0000000,0x00000000a0c2db80,0x00000000a3880000)
 Metaspace       used 34569K, capacity 35420K, committed 35496K, reserved 1079296K
  class space    used 4589K, capacity 4861K, committed 4912K, reserved 1048576K
}
Event: 35.930 GC heap before
{Heap before GC invocations=20 (full 2):
 PSYoungGen      total 77312K, used 66560K [0x00000000e0000000, 0x00000000e6c80000, 0x0000000100000000)
  eden space 66560K, 100% used [0x00000000e0000000,0x00000000e4100000,0x00000000e4100000)
  from space 10752K, 0% used [0x00000000e4100000,0x00000000e4100000,0x00000000e4b80000)
  to   space 10752K, 0% used [0x00000000e6200000,0x00000000e6200000,0x00000000e6c80000)
 ParOldGen       total 57856K, used 12470K [0x00000000a0000000, 0x00000000a3880000, 0x00000000e0000000)
  object space 57856K, 21% used [0x00000000a0000000,0x00000000a0c2db80,0x00000000a3880000)
 Metaspace       used 35020K, capacity 35928K, committed 36272K, reserved 1081344K
  class space    used 4633K, capacity 4916K, committed 5040K, reserved 1048576K
Event: 35.933 GC heap after
Heap after GC invocations=20 (full 2):
 PSYoungGen      total 89088K, used 1651K [0x00000000e0000000, 0x00000000e6680000, 0x0000000100000000)
  eden space 84480K, 0% used [0x00000000e0000000,0x00000000e0000000,0x00000000e5280000)
  from space 4608K, 35% used [0x00000000e6200000,0x00000000e639cd28,0x00000000e6680000)
  to   space 10240K, 0% used [0x00000000e5280000,0x00000000e5280000,0x00000000e5c80000)
 ParOldGen       total 57856K, used 12470K [0x00000000a0000000, 0x00000000a3880000, 0x00000000e0000000)
  object space 57856K, 21% used [0x00000000a0000000,0x00000000a0c2db80,0x00000000a3880000)
 Metaspace       used 35020K, capacity 35928K, committed 36272K, reserved 1081344K
  class space    used 4633K, capacity 4916K, committed 5040K, reserved 1048576K
}
Event: 37.119 GC heap before
{Heap before GC invocations=21 (full 2):
 PSYoungGen      total 89088K, used 86131K [0x00000000e0000000, 0x00000000e6680000, 0x0000000100000000)
  eden space 84480K, 100% used [0x00000000e0000000,0x00000000e5280000,0x00000000e5280000)
  from space 4608K, 35% used [0x00000000e6200000,0x00000000e639cd28,0x00000000e6680000)
  to   space 10240K, 0% used [0x00000000e5280000,0x00000000e5280000,0x00000000e5c80000)
 ParOldGen       total 57856K, used 12470K [0x00000000a0000000, 0x00000000a3880000, 0x00000000e0000000)
  object space 57856K, 21% used [0x00000000a0000000,0x00000000a0c2db80,0x00000000a3880000)
 Metaspace       used 35020K, capacity 35928K, committed 36272K, reserved 1081344K
  class space    used 4633K, capacity 4916K, committed 5040K, reserved 1048576K
Event: 37.123 GC heap after
Heap after GC invocations=21 (full 2):
 PSYoungGen      total 94720K, used 2742K [0x00000000e0000000, 0x00000000e6680000, 0x0000000100000000)
  eden space 84480K, 0% used [0x00000000e0000000,0x00000000e0000000,0x00000000e5280000)
  from space 10240K, 26% used [0x00000000e5280000,0x00000000e552dba8,0x00000000e5c80000)
  to   space 4608K, 0% used [0x00000000e6200000,0x00000000e6200000,0x00000000e6680000)
 ParOldGen       total 57856K, used 13802K [0x00000000a0000000, 0x00000000a3880000, 0x00000000e0000000)
  object space 57856K, 23% used [0x00000000a0000000,0x00000000a0d7aaa8,0x00000000a3880000)
 Metaspace       used 35020K, capacity 35928K, committed 36272K, reserved 1081344K
  class space    used 4633K, capacity 4916K, committed 5040K, reserved 1048576K
}
Event: 38.236 GC heap before
{Heap before GC invocations=22 (full 2):
 PSYoungGen      total 94720K, used 87222K [0x00000000e0000000, 0x00000000e6680000, 0x0000000100000000)
  eden space 84480K, 100% used [0x00000000e0000000,0x00000000e5280000,0x00000000e5280000)
  from space 10240K, 26% used [0x00000000e5280000,0x00000000e552dba8,0x00000000e5c80000)
  to   space 4608K, 0% used [0x00000000e6200000,0x00000000e6200000,0x00000000e6680000)
 ParOldGen       total 57856K, used 13802K [0x00000000a0000000, 0x00000000a3880000, 0x00000000e0000000)
  object space 57856K, 23% used [0x00000000a0000000,0x00000000a0d7aaa8,0x00000000a3880000)
 Metaspace       used 35020K, capacity 35928K, committed 36272K, reserved 1081344K
  class space    used 4633K, capacity 4916K, committed 5040K, reserved 1048576K
Event: 38.240 GC heap after
Heap after GC invocations=22 (full 2):
 PSYoungGen      total 89088K, used 2898K [0x00000000e0000000, 0x00000000e6680000, 0x0000000100000000)
  eden space 84480K, 0% used [0x00000000e0000000,0x00000000e0000000,0x00000000e5280000)
  from space 4608K, 62% used [0x00000000e6200000,0x00000000e64d4970,0x00000000e6680000)
  to   space 10240K, 0% used [0x00000000e5280000,0x00000000e5280000,0x00000000e5c80000)
 ParOldGen       total 57856K, used 16426K [0x00000000a0000000, 0x00000000a3880000, 0x00000000e0000000)
  object space 57856K, 28% used [0x00000000a0000000,0x00000000a100aaa8,0x00000000a3880000)
 Metaspace       used 35020K, capacity 35928K, committed 36272K, reserved 1081344K
  class space    used 4633K, capacity 4916K, committed 5040K, reserved 1048576K
}
Event: 39.320 GC heap before
{Heap before GC invocations=23 (full 2):
 PSYoungGen      total 89088K, used 87378K [0x00000000e0000000, 0x00000000e6680000, 0x0000000100000000)
  eden space 84480K, 100% used [0x00000000e0000000,0x00000000e5280000,0x00000000e5280000)
  from space 4608K, 62% used [0x00000000e6200000,0x00000000e64d4970,0x00000000e6680000)
  to   space 10240K, 0% used [0x00000000e5280000,0x00000000e5280000,0x00000000e5c80000)
 ParOldGen       total 57856K, used 16426K [0x00000000a0000000, 0x00000000a3880000, 0x00000000e0000000)
  object space 57856K, 28% used [0x00000000a0000000,0x00000000a100aaa8,0x00000000a3880000)
 Metaspace       used 35024K, capacity 35928K, committed 36272K, reserved 1081344K
  class space    used 4633K, capacity 4916K, committed 5040K, reserved 1048576K
Event: 39.323 GC heap after
Heap after GC invocations=23 (full 2):
 PSYoungGen      total 94720K, used 2427K [0x00000000e0000000, 0x00000000e6680000, 0x0000000100000000)
  eden space 84480K, 0% used [0x00000000e0000000,0x00000000e0000000,0x00000000e5280000)
  from space 10240K, 23% used [0x00000000e5280000,0x00000000e54dee18,0x00000000e5c80000)
  to   space 4608K, 0% used [0x00000000e6200000,0x00000000e6200000,0x00000000e6680000)
 ParOldGen       total 57856K, used 19202K [0x00000000a0000000, 0x00000000a3880000, 0x00000000e0000000)
  object space 57856K, 33% used [0x00000000a0000000,0x00000000a12c0aa8,0x00000000a3880000)
 Metaspace       used 35024K, capacity 35928K, committed 36272K, reserved 1081344K
  class space    used 4633K, capacity 4916K, committed 5040K, reserved 1048576K
}

