# JRE version: OpenJDK Runtime Environment (8.0_242-b01) (build 1.8.0_242-release-1644-b01)
# Java VM: OpenJDK 64-Bit Server VM (25.242-b01 mixed mode windows-amd64 compressed oops)
Heap:
 PSYoungGen      total 218112K, used 79302K [0x00000000e0000000, 0x00000000efd80000, 0x0000000100000000)
  eden space 179712K, 41% used [0x00000000e0000000,0x00000000e4880728,0x00000000eaf80000)
  from space 38400K, 13% used [0x00000000ed400000,0x00000000ed8f1338,0x00000000ef980000)
  to   space 37376K, 0% used [0x00000000eaf80000,0x00000000eaf80000,0x00000000ed400000)
 ParOldGen       total 171520K, used 96736K [0x00000000a0000000, 0x00000000aa780000, 0x00000000e0000000)
  object space 171520K, 56% used [0x00000000a0000000,0x00000000a5e780c0,0x00000000aa780000)
 Metaspace       used 95604K, capacity 99734K, committed 101400K, reserved 1136640K
  class space    used 12400K, capacity 13174K, committed 13616K, reserved 1048576K
GC Heap History (10 events):
Event: 288.810 GC heap before
{Heap before GC invocations=52 (full 3):
 PSYoungGen      total 177664K, used 120431K [0x00000000e0000000, 0x00000000ece80000, 0x0000000100000000)
  eden space 147968K, 78% used [0x00000000e0000000,0x00000000e7120420,0x00000000e9080000)
  from space 29696K, 15% used [0x00000000eb180000,0x00000000eb5fba40,0x00000000ece80000)
  to   space 31744K, 0% used [0x00000000e9080000,0x00000000e9080000,0x00000000eaf80000)
 ParOldGen       total 92160K, used 69527K [0x00000000a0000000, 0x00000000a5a00000, 0x00000000e0000000)
  object space 92160K, 75% used [0x00000000a0000000,0x00000000a43e5c58,0x00000000a5a00000)
 Metaspace       used 93561K, capacity 98522K, committed 98600K, reserved 1134592K
  class space    used 12278K, capacity 13180K, committed 13232K, reserved 1048576K
Event: 288.831 GC heap after
Heap after GC invocations=52 (full 3):
 PSYoungGen      total 179712K, used 15105K [0x00000000e0000000, 0x00000000edd00000, 0x0000000100000000)
  eden space 147968K, 0% used [0x00000000e0000000,0x00000000e0000000,0x00000000e9080000)
  from space 31744K, 47% used [0x00000000e9080000,0x00000000e9f405d8,0x00000000eaf80000)
  to   space 31232K, 0% used [0x00000000ebe80000,0x00000000ebe80000,0x00000000edd00000)
 ParOldGen       total 92160K, used 72224K [0x00000000a0000000, 0x00000000a5a00000, 0x00000000e0000000)
  object space 92160K, 78% used [0x00000000a0000000,0x00000000a46882d0,0x00000000a5a00000)
 Metaspace       used 93561K, capacity 98522K, committed 98600K, reserved 1134592K
  class space    used 12278K, capacity 13180K, committed 13232K, reserved 1048576K
}
Event: 288.845 GC heap before
{Heap before GC invocations=53 (full 4):
 PSYoungGen      total 179712K, used 15105K [0x00000000e0000000, 0x00000000edd00000, 0x0000000100000000)
  eden space 147968K, 0% used [0x00000000e0000000,0x00000000e0000000,0x00000000e9080000)
  from space 31744K, 47% used [0x00000000e9080000,0x00000000e9f405d8,0x00000000eaf80000)
  to   space 31232K, 0% used [0x00000000ebe80000,0x00000000ebe80000,0x00000000edd00000)
 ParOldGen       total 92160K, used 72224K [0x00000000a0000000, 0x00000000a5a00000, 0x00000000e0000000)
  object space 92160K, 78% used [0x00000000a0000000,0x00000000a46882d0,0x00000000a5a00000)
 Metaspace       used 93561K, capacity 98522K, committed 98600K, reserved 1134592K
  class space    used 12278K, capacity 13180K, committed 13232K, reserved 1048576K
Event: 294.073 GC heap after
Heap after GC invocations=53 (full 4):
 PSYoungGen      total 179712K, used 0K [0x00000000e0000000, 0x00000000edd00000, 0x0000000100000000)
  eden space 147968K, 0% used [0x00000000e0000000,0x00000000e0000000,0x00000000e9080000)
  from space 31744K, 0% used [0x00000000e9080000,0x00000000e9080000,0x00000000eaf80000)
  to   space 31232K, 0% used [0x00000000ebe80000,0x00000000ebe80000,0x00000000edd00000)
 ParOldGen       total 171520K, used 72566K [0x00000000a0000000, 0x00000000aa780000, 0x00000000e0000000)
  object space 171520K, 42% used [0x00000000a0000000,0x00000000a46dd878,0x00000000aa780000)
 Metaspace       used 92704K, capacity 96192K, committed 98600K, reserved 1134592K
  class space    used 11990K, capacity 12675K, committed 13232K, reserved 1048576K
}
Event: 300.465 GC heap before
{Heap before GC invocations=54 (full 4):
 PSYoungGen      total 179712K, used 147968K [0x00000000e0000000, 0x00000000edd00000, 0x0000000100000000)
  eden space 147968K, 100% used [0x00000000e0000000,0x00000000e9080000,0x00000000e9080000)
  from space 31744K, 0% used [0x00000000e9080000,0x00000000e9080000,0x00000000eaf80000)
  to   space 31232K, 0% used [0x00000000ebe80000,0x00000000ebe80000,0x00000000edd00000)
 ParOldGen       total 171520K, used 72566K [0x00000000a0000000, 0x00000000aa780000, 0x00000000e0000000)
  object space 171520K, 42% used [0x00000000a0000000,0x00000000a46dd878,0x00000000aa780000)
 Metaspace       used 94901K, capacity 98992K, committed 100504K, reserved 1136640K
  class space    used 12308K, capacity 13065K, committed 13488K, reserved 1048576K
Event: 300.698 GC heap after
Heap after GC invocations=54 (full 4):
 PSYoungGen      total 190976K, used 23002K [0x00000000e0000000, 0x00000000edd00000, 0x0000000100000000)
  eden space 159744K, 0% used [0x00000000e0000000,0x00000000e0000000,0x00000000e9c00000)
  from space 31232K, 73% used [0x00000000ebe80000,0x00000000ed4f6910,0x00000000edd00000)
  to   space 33280K, 0% used [0x00000000e9c00000,0x00000000e9c00000,0x00000000ebc80000)
 ParOldGen       total 171520K, used 72566K [0x00000000a0000000, 0x00000000aa780000, 0x00000000e0000000)
  object space 171520K, 42% used [0x00000000a0000000,0x00000000a46dd878,0x00000000aa780000)
 Metaspace       used 94901K, capacity 98992K, committed 100504K, reserved 1136640K
  class space    used 12308K, capacity 13065K, committed 13488K, reserved 1048576K
}
Event: 302.017 GC heap before
{Heap before GC invocations=55 (full 4):
 PSYoungGen      total 190976K, used 182746K [0x00000000e0000000, 0x00000000edd00000, 0x0000000100000000)
  eden space 159744K, 100% used [0x00000000e0000000,0x00000000e9c00000,0x00000000e9c00000)
  from space 31232K, 73% used [0x00000000ebe80000,0x00000000ed4f6910,0x00000000edd00000)
  to   space 33280K, 0% used [0x00000000e9c00000,0x00000000e9c00000,0x00000000ebc80000)
 ParOldGen       total 171520K, used 72566K [0x00000000a0000000, 0x00000000aa780000, 0x00000000e0000000)
  object space 171520K, 42% used [0x00000000a0000000,0x00000000a46dd878,0x00000000aa780000)
 Metaspace       used 95393K, capacity 99466K, committed 101016K, reserved 1136640K
  class space    used 12378K, capacity 13134K, committed 13488K, reserved 1048576K
Event: 302.083 GC heap after
Heap after GC invocations=55 (full 4):
 PSYoungGen      total 193024K, used 30919K [0x00000000e0000000, 0x00000000ef980000, 0x0000000100000000)
  eden space 159744K, 0% used [0x00000000e0000000,0x00000000e0000000,0x00000000e9c00000)
  from space 33280K, 92% used [0x00000000e9c00000,0x00000000eba31c38,0x00000000ebc80000)
  to   space 38400K, 0% used [0x00000000ed400000,0x00000000ed400000,0x00000000ef980000)
 ParOldGen       total 171520K, used 72574K [0x00000000a0000000, 0x00000000aa780000, 0x00000000e0000000)
  object space 171520K, 42% used [0x00000000a0000000,0x00000000a46df878,0x00000000aa780000)
 Metaspace       used 95393K, capacity 99466K, committed 101016K, reserved 1136640K
  class space    used 12378K, capacity 13134K, committed 13488K, reserved 1048576K
}
Event: 303.618 GC heap before
{Heap before GC invocations=56 (full 4):
 PSYoungGen      total 193024K, used 190663K [0x00000000e0000000, 0x00000000ef980000, 0x0000000100000000)
  eden space 159744K, 100% used [0x00000000e0000000,0x00000000e9c00000,0x00000000e9c00000)
  from space 33280K, 92% used [0x00000000e9c00000,0x00000000eba31c38,0x00000000ebc80000)
  to   space 38400K, 0% used [0x00000000ed400000,0x00000000ed400000,0x00000000ef980000)
 ParOldGen       total 171520K, used 72574K [0x00000000a0000000, 0x00000000aa780000, 0x00000000e0000000)
  object space 171520K, 42% used [0x00000000a0000000,0x00000000a46df878,0x00000000aa780000)
 Metaspace       used 95537K, capacity 99670K, committed 101144K, reserved 1136640K
  class space    used 12400K, capacity 13174K, committed 13616K, reserved 1048576K
Event: 303.806 GC heap after
Heap after GC invocations=56 (full 4):
 PSYoungGen      total 218112K, used 5060K [0x00000000e0000000, 0x00000000efd80000, 0x0000000100000000)
  eden space 179712K, 0% used [0x00000000e0000000,0x00000000e0000000,0x00000000eaf80000)
  from space 38400K, 13% used [0x00000000ed400000,0x00000000ed8f1338,0x00000000ef980000)
  to   space 37376K, 0% used [0x00000000eaf80000,0x00000000eaf80000,0x00000000ed400000)
 ParOldGen       total 171520K, used 96736K [0x00000000a0000000, 0x00000000aa780000, 0x00000000e0000000)
  object space 171520K, 56% used [0x00000000a0000000,0x00000000a5e780c0,0x00000000aa780000)
 Metaspace       used 95537K, capacity 99670K, committed 101144K, reserved 1136640K
  class space    used 12400K, capacity 13174K, committed 13616K, reserved 1048576K
}

